mer. 22 mai 2019 17:22:02	finger 
jeu. 23 mai 2019 18:17:26	help 
jeu. 23 mai 2019 18:34:51	help 
jeu. 23 mai 2019 18:34:56	logs 
jeu. 23 mai 2019 18:34:58	logs e
jeu. 23 mai 2019 18:35:05	logs tom
jeu. 23 mai 2019 18:35:28	logs 
jeu. 23 mai 2019 18:35:30	logs a
jeu. 23 mai 2019 18:35:34	logs tom
jeu. 23 mai 2019 18:37:04	logas tom
jeu. 23 mai 2019 18:37:42	ezf 
jeu. 23 mai 2019 18:37:46	logs tom
jeu. 23 mai 2019 18:56:06	logs tom
jeu. 23 mai 2019 18:56:40	logs tom
jeu. 23 mai 2019 18:57:21	logs tom
jeu. 23 mai 2019 18:57:34	logs tom
jeu. 23 mai 2019 18:58:03	logs tom
jeu. 23 mai 2019 18:58:22	logs tom
jeu. 23 mai 2019 19:00:20	logs tom
jeu. 23 mai 2019 19:01:17	logs tom
jeu. 23 mai 2019 19:01:27	logs tom
jeu. 23 mai 2019 19:01:36	logs tom
jeu. 23 mai 2019 19:02:15	logs tom
