mer. 29 mai 2019 23:34:41	|	disco		|	help 
mer. 29 mai 2019 23:34:50	|	disco		|	ls 
mer. 29 mai 2019 23:35:55	|	disco		|	ls 
mer. 29 mai 2019 23:36:23	|	disco		|	ls 
mer. 29 mai 2019 23:39:08	|	disco		|	ls 
mer. 29 mai 2019 23:39:47	|	disco		|	ls 
mer. 29 mai 2019 23:41:48	|	disco		|	ls 
jeu. 30 mai 2019 00:10:07	|	disco		|	ls 
jeu. 30 mai 2019 00:29:39	|	disco		|	ls 
jeu. 30 mai 2019 00:30:43	|	disco		|	ls 
jeu. 30 mai 2019 00:30:49	|	disco		|	ls ./test
jeu. 30 mai 2019 00:31:18	|	disco		|	ls ./test
jeu. 30 mai 2019 00:32:11	|	disco		|	help touch
jeu. 30 mai 2019 00:32:18	|	disco		|	touch hola
jeu. 30 mai 2019 00:32:20	|	disco		|	ls 
jeu. 30 mai 2019 00:32:34	|	disco		|	ls 
jeu. 30 mai 2019 16:57:16	|	disco		|	ls 
jeu. 30 mai 2019 16:57:25	|	disco		|	touch hum
jeu. 30 mai 2019 16:57:30	|	disco		|	ls 
jeu. 30 mai 2019 16:57:55	|	disco		|	ls 
jeu. 30 mai 2019 16:58:20	|	disco		|	ls 
jeu. 30 mai 2019 16:58:33	|	disco		|	ls 
jeu. 30 mai 2019 16:59:18	|	disco		|	touch ./a/b
jeu. 30 mai 2019 16:59:28	|	disco		|	ls 
jeu. 30 mai 2019 17:01:05	|	disco		|	ls ./a/b
jeu. 30 mai 2019 17:05:14	|	disco		|	ls 
jeu. 30 mai 2019 17:05:21	|	disco		|	ls ./a/b
jeu. 30 mai 2019 17:05:28	|	disco		|	ls /
jeu. 30 mai 2019 17:07:16	|	disco		|	ls //a
jeu. 30 mai 2019 17:08:39	|	disco		|	ls 
jeu. 30 mai 2019 17:08:45	|	disco		|	ls ./a
jeu. 30 mai 2019 17:08:59	|	disco		|	ls 
jeu. 30 mai 2019 17:09:01	|	disco		|	ls ./a
jeu. 30 mai 2019 17:13:27	|	disco		|	ls 
jeu. 30 mai 2019 17:13:30	|	disco		|	ls a
jeu. 30 mai 2019 17:13:56	|	disco		|	ls a
jeu. 30 mai 2019 17:14:32	|	disco		|	ls a
jeu. 30 mai 2019 17:14:41	|	disco		|	ls ./
jeu. 30 mai 2019 17:14:43	|	disco		|	ls /
jeu. 30 mai 2019 17:14:49	|	disco		|	ls ./hola
jeu. 30 mai 2019 17:14:54	|	disco		|	ls hola
jeu. 30 mai 2019 17:14:58	|	disco		|	ls /hola
jeu. 30 mai 2019 17:15:13	|	disco		|	ls 
jeu. 30 mai 2019 17:16:55	|	disco		|	ls 
jeu. 30 mai 2019 17:16:58	|	disco		|	ls /
jeu. 30 mai 2019 17:16:59	|	disco		|	ls /
jeu. 30 mai 2019 17:17:01	|	disco		|	ls ./
jeu. 30 mai 2019 17:17:06	|	disco		|	ls ./h
jeu. 30 mai 2019 17:17:15	|	disco		|	ls ./hola
jeu. 30 mai 2019 17:22:59	|	disco		|	ls 
jeu. 30 mai 2019 17:23:10	|	disco		|	ls 
jeu. 30 mai 2019 17:23:42	|	disco		|	ls /
jeu. 30 mai 2019 17:23:44	|	disco		|	ls 
jeu. 30 mai 2019 17:23:55	|	disco		|	help ls
jeu. 30 mai 2019 17:24:13	|	disco		|	help ls
jeu. 30 mai 2019 17:24:15	|	disco		|	ls 
jeu. 30 mai 2019 17:24:18	|	disco		|	help mkdir
jeu. 30 mai 2019 17:24:28	|	disco		|	mkdir ./1
jeu. 30 mai 2019 17:24:29	|	disco		|	ls 
jeu. 30 mai 2019 17:24:42	|	disco		|	touch 1/hey
jeu. 30 mai 2019 17:24:46	|	disco		|	ls 1
jeu. 30 mai 2019 17:27:57	|	disco		|	ls 1
jeu. 30 mai 2019 17:28:02	|	disco		|	ls 
jeu. 30 mai 2019 17:28:06	|	disco		|	cd zef
jeu. 30 mai 2019 17:28:10	|	disco		|	cd 1
jeu. 30 mai 2019 17:28:34	|	disco		|	cd ./1
jeu. 30 mai 2019 17:28:44	|	disco		|	ls 
jeu. 30 mai 2019 17:28:47	|	disco		|	cd /1
jeu. 30 mai 2019 17:29:26	|	disco		|	cd 1
jeu. 30 mai 2019 17:30:50	|	disco		|	ls 
jeu. 30 mai 2019 17:30:52	|	disco		|	cd 1
jeu. 30 mai 2019 17:32:43	|	disco		|	ls 
jeu. 30 mai 2019 17:32:46	|	disco		|	cd ./1
jeu. 30 mai 2019 17:33:33	|	disco		|	cd /ziuegh
jeu. 30 mai 2019 17:33:40	|	disco		|	ls 
jeu. 30 mai 2019 17:35:29	|	disco		|	cd 
jeu. 30 mai 2019 17:35:32	|	disco		|	cd /1
jeu. 30 mai 2019 17:36:11	|	disco		|	cd ./1
jeu. 30 mai 2019 17:37:45	|	disco		|	cd 1
jeu. 30 mai 2019 17:38:47	|	disco		|	cd ./1
jeu. 30 mai 2019 17:39:37	|	disco		|	cd 1
jeu. 30 mai 2019 17:40:00	|	disco		|	mkdir test
jeu. 30 mai 2019 17:40:02	|	disco		|	ls 
jeu. 30 mai 2019 17:40:07	|	disco		|	cd ./test
jeu. 30 mai 2019 17:40:14	|	disco		|	ls 
jeu. 30 mai 2019 17:40:17	|	disco		|	cd ./test
jeu. 30 mai 2019 17:41:24	|	disco		|	ls ../
jeu. 30 mai 2019 17:41:37	|	disco		|	ls ../../../../
jeu. 30 mai 2019 17:45:43	|	disco		|	ls 
jeu. 30 mai 2019 17:45:52	|	disco		|	ls /
jeu. 30 mai 2019 20:30:04	|	disco		|	ls 
jeu. 30 mai 2019 20:30:25	|	disco		|	ls 
jeu. 30 mai 2019 20:32:11	|	disco		|	ls 
jeu. 30 mai 2019 20:35:18	|	disco		|	ls 
jeu. 30 mai 2019 20:35:27	|	disco		|	ls 
jeu. 30 mai 2019 20:35:58	|	disco		|	ls 
jeu. 30 mai 2019 20:36:55	|	disco		|	ls 
jeu. 30 mai 2019 20:41:54	|	disco		|	ls 
jeu. 30 mai 2019 20:42:09	|	disco		|	ls 
jeu. 30 mai 2019 20:44:06	|	disco		|	ls 
jeu. 30 mai 2019 20:44:23	|	disco		|	ls 
jeu. 30 mai 2019 20:45:09	|	disco		|	ls 
jeu. 30 mai 2019 20:45:51	|	disco		|	ls 
jeu. 30 mai 2019 20:46:03	|	disco		|	ls 1
jeu. 30 mai 2019 20:46:09	|	disco		|	ls 684
jeu. 30 mai 2019 20:46:12	|	disco		|	ls /1
jeu. 30 mai 2019 20:46:26	|	disco		|	ls ./1
jeu. 30 mai 2019 20:46:44	|	disco		|	ls ./1
jeu. 30 mai 2019 20:47:08	|	disco		|	ls 
jeu. 30 mai 2019 20:50:17	|	disco		|	ls 
jeu. 30 mai 2019 20:50:24	|	disco		|	ls /1
jeu. 30 mai 2019 20:50:30	|	disco		|	ls ./1
jeu. 30 mai 2019 20:53:48	|	disco		|	ls 
jeu. 30 mai 2019 20:54:05	|	disco		|	ls 
jeu. 30 mai 2019 20:54:14	|	disco		|	ls ./1
jeu. 30 mai 2019 20:56:32	|	disco		|	ls 
jeu. 30 mai 2019 20:56:35	|	disco		|	ls ./1
jeu. 30 mai 2019 20:58:18	|	disco		|	ls 1
jeu. 30 mai 2019 20:58:35	|	disco		|	ls 
jeu. 30 mai 2019 20:58:55	|	disco		|	ls 1
jeu. 30 mai 2019 20:59:10	|	disco		|	ls 
jeu. 30 mai 2019 20:59:12	|	disco		|	ls /
jeu. 30 mai 2019 20:59:16	|	disco		|	ls /1
jeu. 30 mai 2019 20:59:18	|	disco		|	ls 1
jeu. 30 mai 2019 21:02:09	|	disco		|	help cd
jeu. 30 mai 2019 21:02:18	|	disco		|	cd /1
jeu. 30 mai 2019 21:03:01	|	disco		|	cd 
jeu. 30 mai 2019 21:03:05	|	disco		|	cd /1
jeu. 30 mai 2019 21:04:06	|	disco		|	cd /1
jeu. 30 mai 2019 21:05:39	|	disco		|	ls ./vms/disco/root/1
jeu. 30 mai 2019 21:06:34	|	disco		|	cd /1
jeu. 30 mai 2019 21:07:48	|	disco		|	cd /1
jeu. 30 mai 2019 21:07:53	|	disco		|	ls 
jeu. 30 mai 2019 21:08:26	|	disco		|	cd /1
jeu. 30 mai 2019 21:08:53	|	disco		|	ls 
jeu. 30 mai 2019 21:09:01	|	disco		|	mkdir test
jeu. 30 mai 2019 21:09:04	|	disco		|	ls 
jeu. 30 mai 2019 21:09:43	|	disco		|	cd /1
jeu. 30 mai 2019 21:09:47	|	disco		|	mkdir test
jeu. 30 mai 2019 21:10:25	|	disco		|	ls 
jeu. 30 mai 2019 21:10:40	|	disco		|	mkdir test
jeu. 30 mai 2019 21:10:51	|	disco		|	ls 
jeu. 30 mai 2019 21:10:53	|	disco		|	mkdir test
jeu. 30 mai 2019 21:10:55	|	disco		|	ls 
jeu. 30 mai 2019 21:10:59	|	disco		|	cd /1
jeu. 30 mai 2019 21:11:01	|	disco		|	ls 
jeu. 30 mai 2019 21:11:10	|	disco		|	mkdir please
jeu. 30 mai 2019 21:11:12	|	disco		|	ls 
jeu. 30 mai 2019 21:14:52	|	disco		|	ls /a
jeu. 30 mai 2019 21:15:03	|	disco		|	ls /test
jeu. 30 mai 2019 21:25:11	|	disco		|	echo "$(buildPath ./1/2/3)"
jeu. 30 mai 2019 21:32:13	|	disco		|	ls 
jeu. 30 mai 2019 21:32:28	|	disco		|	ls 
jeu. 30 mai 2019 21:32:33	|	disco		|	ls a
jeu. 30 mai 2019 21:32:38	|	disco		|	ls 1
jeu. 30 mai 2019 21:32:41	|	disco		|	ls /1
jeu. 30 mai 2019 21:32:44	|	disco		|	ls ./1
jeu. 30 mai 2019 21:33:01	|	disco		|	touch ./1/a
jeu. 30 mai 2019 21:33:04	|	disco		|	ls ./1
jeu. 30 mai 2019 21:33:10	|	disco		|	touch /1/b
jeu. 30 mai 2019 21:33:16	|	disco		|	ls ./1
jeu. 30 mai 2019 21:33:22	|	disco		|	touch 1/b
jeu. 30 mai 2019 21:33:25	|	disco		|	ls ./1
jeu. 30 mai 2019 21:35:35	|	disco		|	lds 
jeu. 30 mai 2019 21:35:36	|	disco		|	ls 
jeu. 30 mai 2019 21:35:39	|	disco		|	cd 1
jeu. 30 mai 2019 21:36:50	|	disco		|	cd 1
jeu. 30 mai 2019 21:37:00	|	disco		|	ls 
jeu. 30 mai 2019 21:37:07	|	disco		|	cd please
jeu. 30 mai 2019 21:37:10	|	disco		|	ls 
jeu. 30 mai 2019 21:37:13	|	disco		|	cd ..
jeu. 30 mai 2019 21:37:21	|	disco		|	ls 
jeu. 30 mai 2019 21:37:52	|	disco		|	ls -a
jeu. 30 mai 2019 21:42:20	|	disco		|	cd /1
jeu. 30 mai 2019 22:17:00	|	disco		|	ls 
jeu. 30 mai 2019 22:17:20	|	disco		|	ls 
jeu. 30 mai 2019 22:27:27	|	disco		|	ls 
jeu. 30 mai 2019 22:27:42	|	disco		|	ls 
jeu. 30 mai 2019 22:30:17	|	disco		|	ls 
jeu. 30 mai 2019 22:30:53	|	disco		|	ls 
jeu. 30 mai 2019 22:31:17	|	disco		|	ls /
jeu. 30 mai 2019 22:31:31	|	disco		|	ls /1
jeu. 30 mai 2019 22:33:20	|	disco		|	ls 
jeu. 30 mai 2019 22:33:26	|	disco		|	ls /1
jeu. 30 mai 2019 22:34:49	|	disco		|	ls 
jeu. 30 mai 2019 22:34:52	|	disco		|	ls /1
jeu. 30 mai 2019 22:34:56	|	disco		|	ls /2
jeu. 30 mai 2019 22:36:04	|	disco		|	ls 
jeu. 30 mai 2019 22:36:06	|	disco		|	ls /1
jeu. 30 mai 2019 22:36:13	|	disco		|	ls f
jeu. 30 mai 2019 22:36:45	|	disco		|	cd 
jeu. 30 mai 2019 22:36:48	|	disco		|	cd 1
jeu. 30 mai 2019 22:36:53	|	disco		|	cd 2
jeu. 30 mai 2019 22:37:56	|	disco		|	cd /1
jeu. 30 mai 2019 22:37:58	|	disco		|	cd ./1
jeu. 30 mai 2019 22:38:01	|	disco		|	cd 1
jeu. 30 mai 2019 22:38:04	|	disco		|	cd 2
jeu. 30 mai 2019 22:46:37	|	disco		|	ls 
jeu. 30 mai 2019 22:47:03	|	disco		|	ls 
jeu. 30 mai 2019 22:47:08	|	disco		|	ls /
jeu. 30 mai 2019 22:47:11	|	disco		|	ls ./
jeu. 30 mai 2019 22:47:13	|	disco		|	ls 1
jeu. 30 mai 2019 22:47:16	|	disco		|	ls /1
jeu. 30 mai 2019 22:47:19	|	disco		|	ls ./1
jeu. 30 mai 2019 22:47:24	|	disco		|	ls 1/please
jeu. 30 mai 2019 22:47:30	|	disco		|	ls ./1/please
jeu. 30 mai 2019 22:47:33	|	disco		|	ls 2
jeu. 30 mai 2019 22:47:51	|	disco		|	ls ./2
jeu. 30 mai 2019 22:53:29	|	disco		|	ls 
jeu. 30 mai 2019 22:53:32	|	disco		|	ls 2
jeu. 30 mai 2019 22:54:39	|	disco		|	ls 2
jeu. 30 mai 2019 22:55:09	|	disco		|	ls 2
jeu. 30 mai 2019 22:55:32	|	disco		|	ls 2
jeu. 30 mai 2019 22:56:16	|	disco		|	ls 2
jeu. 30 mai 2019 22:56:31	|	disco		|	ls 2
jeu. 30 mai 2019 22:57:21	|	disco		|	ls 2
jeu. 30 mai 2019 22:57:44	|	disco		|	ls 2
jeu. 30 mai 2019 22:59:28	|	disco		|	ls 2
jeu. 30 mai 2019 22:59:42	|	disco		|	ls /1/please
jeu. 30 mai 2019 22:59:46	|	disco		|	ls ./1
jeu. 30 mai 2019 22:59:51	|	disco		|	cd 1
jeu. 30 mai 2019 22:59:53	|	disco		|	ls 
jeu. 30 mai 2019 22:59:57	|	disco		|	cd /please
jeu. 30 mai 2019 23:00:00	|	disco		|	ls 
jeu. 30 mai 2019 23:00:04	|	disco		|	cd ./please
jeu. 30 mai 2019 23:00:08	|	disco		|	ls 
jeu. 30 mai 2019 23:00:12	|	disco		|	cd ..
jeu. 30 mai 2019 23:00:14	|	disco		|	ls 
jeu. 30 mai 2019 23:00:32	|	disco		|	cd please
jeu. 30 mai 2019 23:00:34	|	disco		|	ls 
jeu. 30 mai 2019 23:00:38	|	disco		|	cd ../..
jeu. 30 mai 2019 23:00:41	|	disco		|	ls 
jeu. 30 mai 2019 23:01:15	|	disco		|	ls 
jeu. 30 mai 2019 23:01:18	|	disco		|	cd /1
jeu. 30 mai 2019 23:01:20	|	disco		|	ls 
jeu. 30 mai 2019 23:01:24	|	disco		|	cd please
jeu. 30 mai 2019 23:01:29	|	disco		|	cd ok
jeu. 30 mai 2019 23:01:35	|	disco		|	ls 
jeu. 30 mai 2019 23:01:37	|	disco		|	cd ..
jeu. 30 mai 2019 23:01:41	|	disco		|	cd ./please
jeu. 30 mai 2019 23:01:43	|	disco		|	cd ..
jeu. 30 mai 2019 23:01:46	|	disco		|	cd /please
jeu. 30 mai 2019 23:01:51	|	disco		|	cd ..
jeu. 30 mai 2019 23:01:55	|	disco		|	cd ..
jeu. 30 mai 2019 23:02:17	|	disco		|	cd ../..
jeu. 30 mai 2019 23:06:55	|	disco		|	cd /1/please
jeu. 30 mai 2019 23:07:02	|	disco		|	ls 
jeu. 30 mai 2019 23:07:05	|	disco		|	cd /1
jeu. 30 mai 2019 23:07:19	|	disco		|	cd /1
jeu. 30 mai 2019 23:07:21	|	disco		|	ls 
jeu. 30 mai 2019 23:08:17	|	disco		|	cd /1
jeu. 30 mai 2019 23:08:20	|	disco		|	ls 
jeu. 30 mai 2019 23:11:19	|	disco		|	cd /1
jeu. 30 mai 2019 23:11:23	|	disco		|	cd ..
jeu. 30 mai 2019 23:11:26	|	disco		|	cd /1/please
jeu. 30 mai 2019 23:11:29	|	disco		|	cd ../..
jeu. 30 mai 2019 23:11:31	|	disco		|	cd /1/please
jeu. 30 mai 2019 23:11:36	|	disco		|	cd ../../..
jeu. 30 mai 2019 23:11:37	|	disco		|	ls 
jeu. 30 mai 2019 23:11:46	|	disco		|	ls /1/please
jeu. 30 mai 2019 23:11:57	|	disco		|	touch /1/please YES.txt
jeu. 30 mai 2019 23:12:10	|	disco		|	ls 1/please
jeu. 30 mai 2019 23:12:20	|	disco		|	ls 
jeu. 30 mai 2019 23:12:36	|	disco		|	cd /1
jeu. 30 mai 2019 23:12:38	|	disco		|	ls 
jeu. 30 mai 2019 23:12:54	|	disco		|	cd ..
jeu. 30 mai 2019 23:13:19	|	disco		|	touch /ok
jeu. 30 mai 2019 23:13:21	|	disco		|	ls 
jeu. 30 mai 2019 23:13:44	|	disco		|	touch ./1/please/YES.txt
jeu. 30 mai 2019 23:13:49	|	disco		|	ls /1/please
jeu. 30 mai 2019 23:13:55	|	disco		|	cd /1/please
jeu. 30 mai 2019 23:13:56	|	disco		|	ls 
jeu. 30 mai 2019 23:14:11	|	disco		|	cd ../../test
jeu. 30 mai 2019 23:14:13	|	disco		|	ls 
jeu. 30 mai 2019 23:14:26	|	disco		|	cd ..
jeu. 30 mai 2019 23:14:28	|	disco		|	ls 
jeu. 30 mai 2019 23:14:47	|	disco		|	ls -a
jeu. 30 mai 2019 23:14:53	|	disco		|	help ls
jeu. 30 mai 2019 23:15:00	|	disco		|	help 
ven. 31 mai 2019 01:09:51	|	disco		|	ls 
ven. 31 mai 2019 01:10:00	|	disco		|	rm 
ven. 31 mai 2019 01:10:03	|	disco		|	rm /
ven. 31 mai 2019 01:10:10	|	disco		|	rm ..
ven. 31 mai 2019 01:10:15	|	disco		|	rm ../../
ven. 31 mai 2019 01:10:43	|	disco		|	ls 
ven. 31 mai 2019 01:10:46	|	disco		|	rm /1
ven. 31 mai 2019 01:10:51	|	disco		|	rm hola
ven. 31 mai 2019 01:10:54	|	disco		|	ls 
ven. 31 mai 2019 01:11:04	|	disco		|	rm /1/../../../
ven. 31 mai 2019 01:12:00	|	disco		|	rm /.
ven. 31 mai 2019 01:12:08	|	disco		|	/* 
ven. 31 mai 2019 01:12:17	|	disco		|	rm /*
ven. 31 mai 2019 01:12:31	|	disco		|	ls /*
ven. 31 mai 2019 01:13:20	|	disco		|	rm /*
ven. 31 mai 2019 01:13:28	|	disco		|	ls /*
ven. 31 mai 2019 01:13:31	|	disco		|	cd /*
ven. 31 mai 2019 01:13:46	|	disco		|	rm ./.
ven. 31 mai 2019 01:13:50	|	disco		|	./ 
ven. 31 mai 2019 01:13:55	|	disco		|	ls /*
ven. 31 mai 2019 01:14:54	|	disco		|	rm /
ven. 31 mai 2019 01:15:06	|	disco		|	rm /
ven. 31 mai 2019 01:15:10	|	disco		|	rm ./.
ven. 31 mai 2019 01:15:13	|	disco		|	rm /*
ven. 31 mai 2019 01:15:24	|	disco		|	rm 
ven. 31 mai 2019 01:15:26	|	disco		|	rm .
ven. 31 mai 2019 01:15:32	|	disco		|	rm *
ven. 31 mai 2019 01:15:49	|	disco		|	rm ./1/*
ven. 31 mai 2019 01:16:18	|	disco		|	ls /1/*
ven. 31 mai 2019 01:18:54	|	disco		|	ls 
ven. 31 mai 2019 01:18:59	|	disco		|	ls /1
ven. 31 mai 2019 01:19:04	|	disco		|	ls /1/please
ven. 31 mai 2019 01:19:09	|	disco		|	ls /test
ven. 31 mai 2019 01:19:19	|	disco		|	touch /test/tmp
ven. 31 mai 2019 01:19:23	|	disco		|	cd /test
ven. 31 mai 2019 01:19:25	|	disco		|	ls 
ven. 31 mai 2019 01:19:33	|	disco		|	touch tot
ven. 31 mai 2019 01:19:34	|	disco		|	ls 
ven. 31 mai 2019 01:19:39	|	disco		|	rm toto
ven. 31 mai 2019 01:19:51	|	disco		|	rm tot
ven. 31 mai 2019 01:20:02	|	disco		|	ls 
ven. 31 mai 2019 01:21:33	|	disco		|	cd test
ven. 31 mai 2019 01:21:35	|	disco		|	ls 
ven. 31 mai 2019 01:21:37	|	disco		|	rm tot
ven. 31 mai 2019 01:21:40	|	disco		|	ls 
ven. 31 mai 2019 01:22:51	|	disco		|	touch /test/hum
ven. 31 mai 2019 01:22:59	|	disco		|	rm /test/hum
ven. 31 mai 2019 01:23:44	|	disco		|	help rm
ven. 31 mai 2019 12:16:22	|	disco		|	ls 
ven. 31 mai 2019 12:22:56	|	disco		|	ls 
ven. 31 mai 2019 12:23:45	|	disco		|	ls 
ven. 31 mai 2019 12:23:50	|	disco		|	cd /
ven. 31 mai 2019 12:23:52	|	disco		|	ls 
ven. 31 mai 2019 12:24:30	|	disco		|	help 
ven. 31 mai 2019 12:24:40	|	disco		|	clear 
ven. 31 mai 2019 12:24:44	|	disco		|	ls 
ven. 31 mai 2019 12:24:47	|	disco		|	$cd /1
ven. 31 mai 2019 12:24:52	|	disco		|	cd /1
ven. 31 mai 2019 12:24:53	|	disco		|	ls 
ven. 31 mai 2019 12:24:58	|	disco		|	ls /please
ven. 31 mai 2019 12:25:02	|	disco		|	ls ./please
ven. 31 mai 2019 12:37:33	|	disco		|	ls 
ven. 31 mai 2019 12:37:36	|	disco		|	nano 
ven. 31 mai 2019 12:37:39	|	disco		|	nano zkejfh
ven. 31 mai 2019 12:37:52	|	disco		|	nano /1
ven. 31 mai 2019 12:38:05	|	disco		|	nano ./1
ven. 31 mai 2019 12:38:15	|	disco		|	nano 1
ven. 31 mai 2019 12:38:20	|	disco		|	nano test
ven. 31 mai 2019 12:38:24	|	disco		|	nano hola
ven. 31 mai 2019 12:38:37	|	disco		|	ls /1
ven. 31 mai 2019 12:38:42	|	disco		|	nano /1/a
ven. 31 mai 2019 12:39:41	|	disco		|	help nano
ven. 31 mai 2019 12:40:21	|	disco		|	help nano
ven. 31 mai 2019 12:40:45	|	disco		|	help nano
ven. 31 mai 2019 12:41:43	|	disco		|	help nano
ven. 31 mai 2019 12:42:55	|	disco		|	help nano
ven. 31 mai 2019 12:43:05	|	disco		|	help nano
ven. 31 mai 2019 12:43:13	|	disco		|	help 
ven. 31 mai 2019 12:43:45	|	disco		|	help 
ven. 31 mai 2019 12:44:02	|	disco		|	help 
ven. 31 mai 2019 12:44:43	|	disco		|	clear 
ven. 31 mai 2019 12:44:48	|	disco		|	ls 
ven. 31 mai 2019 12:44:51	|	disco		|	cd /1
ven. 31 mai 2019 12:45:52	|	disco		|	ls 
ven. 31 mai 2019 12:45:55	|	disco		|	$cd ..
ven. 31 mai 2019 12:45:58	|	disco		|	cd ..
ven. 31 mai 2019 12:46:00	|	disco		|	ls 
ven. 31 mai 2019 12:46:05	|	disco		|	cd ./hol
ven. 31 mai 2019 12:46:06	|	disco		|	cd ./hol
ven. 31 mai 2019 12:46:09	|	disco		|	cd ./hola
ven. 31 mai 2019 12:46:11	|	disco		|	ls 
ven. 31 mai 2019 12:46:45	|	disco		|	ls 
ven. 31 mai 2019 12:46:47	|	disco		|	ls hola
ven. 31 mai 2019 12:48:21	|	disco		|	ls ./hola
ven. 31 mai 2019 12:48:23	|	disco		|	ls 
ven. 31 mai 2019 12:48:43	|	disco		|	ls 
ven. 31 mai 2019 12:48:46	|	disco		|	ls /1
ven. 31 mai 2019 12:48:50	|	disco		|	ls ./hola
ven. 31 mai 2019 12:50:48	|	disco		|	cat ./
ven. 31 mai 2019 12:51:01	|	disco		|	cat ./1
ven. 31 mai 2019 12:51:05	|	disco		|	cat ./hola
ven. 31 mai 2019 12:51:13	|	disco		|	nano ./1
ven. 31 mai 2019 12:51:15	|	disco		|	nano .
ven. 31 mai 2019 12:51:20	|	disco		|	nano ./hola
ven. 31 mai 2019 12:51:47	|	disco		|	cat hola
ven. 31 mai 2019 12:53:46	|	disco		|	cat hola
ven. 31 mai 2019 12:55:05	|	disco		|	cat hola
ven. 31 mai 2019 12:55:46	|	disco		|	cat hola
ven. 31 mai 2019 13:09:46	|	disco		|	ls 
ven. 31 mai 2019 13:10:13	|	disco		|	rm 1
ven. 31 mai 2019 13:10:15	|	disco		|	ls 
ven. 31 mai 2019 13:12:37	|	disco		|	ls 
ven. 31 mai 2019 13:12:43	|	disco		|	cd home
ven. 31 mai 2019 13:12:45	|	disco		|	ls 
ven. 31 mai 2019 13:12:49	|	disco		|	cd ..
ven. 31 mai 2019 13:12:56	|	disco		|	cd home/test
ven. 31 mai 2019 13:12:59	|	disco		|	cd /
ven. 31 mai 2019 13:13:01	|	disco		|	ls 
sam.  1 juin 2019 18:17:28	|	disco		|	ls 
sam.  1 juin 2019 18:17:32	|	disco		|	cd hola/
sam.  1 juin 2019 18:17:34	|	disco		|	cd home
sam.  1 juin 2019 18:17:36	|	disco		|	ls 
sam.  1 juin 2019 18:17:41	|	disco		|	share 
sam.  1 juin 2019 18:17:45	|	disco		|	share zjg
sam.  1 juin 2019 18:17:48	|	disco		|	share zjg zf
sam.  1 juin 2019 18:17:49	|	disco		|	share zjg zf zef
sam.  1 juin 2019 18:18:13	|	disco		|	share tom flash zeg
sam.  1 juin 2019 18:18:29	|	disco		|	share tom flash hola
sam.  1 juin 2019 18:20:46	|	disco		|	share tom flash gola
sam.  1 juin 2019 18:20:50	|	disco		|	share tom flash hola
sam.  1 juin 2019 18:20:55	|	disco		|	cd home
sam.  1 juin 2019 18:20:57	|	disco		|	share tom flash hola
sam.  1 juin 2019 18:27:31	|	disco		|	share tom flash hola
sam.  1 juin 2019 18:27:36	|	disco		|	cd home
sam.  1 juin 2019 18:27:38	|	disco		|	share tom flash hola
sam.  1 juin 2019 18:28:17	|	disco		|	cd home
sam.  1 juin 2019 18:28:24	|	disco		|	share tom flash hola
sam.  1 juin 2019 18:29:51	|	disco		|	cd homer
sam.  1 juin 2019 18:29:52	|	disco		|	cd home
sam.  1 juin 2019 18:29:58	|	disco		|	share tom flash hola
sam.  1 juin 2019 18:30:25	|	disco		|	cd home
sam.  1 juin 2019 18:30:30	|	disco		|	share tom flash hola
sam.  1 juin 2019 18:31:04	|	disco		|	cd home
sam.  1 juin 2019 18:31:11	|	disco		|	share tom flash hola
sam.  1 juin 2019 18:31:28	|	disco		|	share tom flash /home
